c:\users\valle\desktop\juce\project\course-project-akk\playingsoundfilestutorial\builds\visualstudio2019\x64\debug\app\include_juce_audio_utils.obj
c:\users\valle\desktop\juce\project\course-project-akk\playingsoundfilestutorial\builds\visualstudio2019\x64\debug\app\include_juce_audio_formats.obj
c:\users\valle\desktop\juce\project\course-project-akk\playingsoundfilestutorial\builds\visualstudio2019\x64\debug\app\include_juce_audio_basics.obj
c:\users\valle\desktop\juce\project\course-project-akk\playingsoundfilestutorial\builds\visualstudio2019\x64\debug\app\include_juce_graphics.obj
c:\users\valle\desktop\juce\project\course-project-akk\playingsoundfilestutorial\builds\visualstudio2019\x64\debug\app\main.obj
c:\users\valle\desktop\juce\project\course-project-akk\playingsoundfilestutorial\builds\visualstudio2019\x64\debug\app\include_juce_gui_extra.obj
c:\users\valle\desktop\juce\project\course-project-akk\playingsoundfilestutorial\builds\visualstudio2019\x64\debug\app\include_juce_data_structures.obj
c:\users\valle\desktop\juce\project\course-project-akk\playingsoundfilestutorial\builds\visualstudio2019\x64\debug\app\include_juce_events.obj
c:\users\valle\desktop\juce\project\course-project-akk\playingsoundfilestutorial\builds\visualstudio2019\x64\debug\app\include_juce_core.obj
c:\users\valle\desktop\juce\project\course-project-akk\playingsoundfilestutorial\builds\visualstudio2019\x64\debug\app\include_juce_audio_devices.obj
c:\users\valle\desktop\juce\project\course-project-akk\playingsoundfilestutorial\builds\visualstudio2019\x64\debug\app\include_juce_audio_processors.obj
c:\users\valle\desktop\juce\project\course-project-akk\playingsoundfilestutorial\builds\visualstudio2019\x64\debug\app\readwavfile.obj
c:\users\valle\desktop\juce\project\course-project-akk\playingsoundfilestutorial\builds\visualstudio2019\x64\debug\app\playingsoundfilestutorial.pdb
c:\users\valle\desktop\juce\project\course-project-akk\playingsoundfilestutorial\builds\visualstudio2019\x64\debug\app\audiocompression.obj
c:\users\valle\desktop\juce\project\course-project-akk\playingsoundfilestutorial\builds\visualstudio2019\x64\debug\app\playingsoundfilestutorial.exe
c:\users\valle\desktop\juce\project\course-project-akk\playingsoundfilestutorial\builds\visualstudio2019\x64\debug\app\playingsoundfilestutorial.ilk
c:\users\valle\desktop\juce\project\course-project-akk\playingsoundfilestutorial\builds\visualstudio2019\x64\debug\app\resources.res
c:\users\valle\desktop\juce\project\course-project-akk\playingsoundfilestutorial\builds\visualstudio2019\x64\debug\app\playings.f866f3b4.tlog\cl.command.1.tlog
c:\users\valle\desktop\juce\project\course-project-akk\playingsoundfilestutorial\builds\visualstudio2019\x64\debug\app\playings.f866f3b4.tlog\cl.read.1.tlog
c:\users\valle\desktop\juce\project\course-project-akk\playingsoundfilestutorial\builds\visualstudio2019\x64\debug\app\playings.f866f3b4.tlog\cl.write.1.tlog
c:\users\valle\desktop\juce\project\course-project-akk\playingsoundfilestutorial\builds\visualstudio2019\x64\debug\app\playings.f866f3b4.tlog\link.command.1.tlog
c:\users\valle\desktop\juce\project\course-project-akk\playingsoundfilestutorial\builds\visualstudio2019\x64\debug\app\playings.f866f3b4.tlog\link.read.1.tlog
c:\users\valle\desktop\juce\project\course-project-akk\playingsoundfilestutorial\builds\visualstudio2019\x64\debug\app\playings.f866f3b4.tlog\link.write.1.tlog
c:\users\valle\desktop\juce\project\course-project-akk\playingsoundfilestutorial\builds\visualstudio2019\x64\debug\app\playings.f866f3b4.tlog\rc.command.1.tlog
c:\users\valle\desktop\juce\project\course-project-akk\playingsoundfilestutorial\builds\visualstudio2019\x64\debug\app\playings.f866f3b4.tlog\rc.read.1.tlog
c:\users\valle\desktop\juce\project\course-project-akk\playingsoundfilestutorial\builds\visualstudio2019\x64\debug\app\playings.f866f3b4.tlog\rc.write.1.tlog
